[0mGET /api/v1/products/$%7BproductCode%7D [33m404 [0m3.271 ms - 29[0m
[0mPOST /api/v1/products [33m400 [0m14.220 ms - 64[0m
[0mPATCH /api/v1/products/$%7BproductCode%7D [33m400 [0m2.895 ms - 26[0m
[0mGET /api/v1/products/getby/productLine/$%7BproductLine%7D/?pageNo=1&pageSize=30 [33m404 [0m2.851 ms - 24[0m
[0mGET /api/v1/products/?pageNo=1&pageSize=100 [33m401 [0m0.242 ms - 12[0m
[0mGET /api/v1 [33m404 [0m2.163 ms - 1449[0m
[0mGET /api/v1/offices/$%7BofficeCode%7D [33m404 [0m3.681 ms - 29[0m
[0mPOST /api/v1/token [33m404 [0m15.729 ms - 24[0m
[0mPOST /api/v1/token [33m404 [0m1.010 ms - 24[0m
[0mGET /api/v1/products/?pageNo=1&pageSize=100 [33m403 [0m6.845 ms - 12[0m
[0mGET /api/v1/products/?pageNo=1&pageSize=100 [33m403 [0m5.071 ms - 12[0m
[0mGET /api/v1/products/?pageNo=1&pageSize=100 [33m403 [0m3.696 ms - 12[0m
[0mGET /api/v1/products/?pageNo=1&pageSize=100 [33m403 [0m3.572 ms - 12[0m
[0mGET /api/v1/employees/?pageNo=1&pageSize=100 [33m403 [0m4.166 ms - 12[0m
[0mGET /api/v1/employees/?pageNo=1&pageSize=100 [31m500 [0m10.144 ms - 1516[0m
[0mGET /api/v1/employees/?pageNo=1&pageSize=100 [33m403 [0m1.982 ms - 12[0m
[0mGET /api/v1/employees/?pageNo=1&pageSize=100 [31m500 [0m3.422 ms - 1516[0m
[0mGET /api/v1/employees/?pageNo=1&pageSize=100 [31m500 [0m9.144 ms - 1516[0m
[0mGET /api/v1/employees/?pageNo=1&pageSize=100 [31m500 [0m4.522 ms - 1516[0m
[0mGET /api/v1/employees/?pageNo=1&pageSize=100 [31m500 [0m4.563 ms - 1516[0m
[0mGET /api/v1/employees/?pageNo=1&pageSize=100 [31m500 [0m3.673 ms - 1516[0m
[0mGET /api/v1/productlines/?pageNo=1&pageSize=100 [33m403 [0m2.933 ms - 12[0m
[0mGET /api/v1/employees/?pageNo=1&pageSize=100 [31m500 [0m2.787 ms - 1516[0m
[0mGET /api/v1/employees/?pageNo=1&pageSize=100 [33m401 [0m0.509 ms - 12[0m
[0mGET /api/v1/employees/?pageNo=1&pageSize=100 [31m500 [0m2.821 ms - 1516[0m
[0mGET /api/v1/employees/search/$%7BsearchKey%7D/?pageNo=1&pageSize=30 [33m403 [0m1.916 ms - 12[0m
[0mGET /api/v1/employees/search/$%7BsearchKey%7D/?pageNo=1&pageSize=30 [31m500 [0m4.119 ms - 1516[0m
[0mGET /api/v1/customers/?pageNo=1&pageSize=100 [33m403 [0m1.071 ms - 12[0m
[0mGET /api/v1/customers/?pageNo=1&pageSize=100?bearer=eyJhbGciOiJIUzI1NiIsInR5cCI6IkpXVCJ9.eyJ1c2VyRGF0YSI6eyJ1c2VyIjoicm9vdCJ9LCJpYXQiOjE2NjQyNTczMjcsImV4cCI6MTY2NDI5MzMyN30.xqJ7yNqkzxLWt1FQMO6Pq_5ITmQEofggPZJvOeDwJlY [33m401 [0m0.286 ms - 12[0m
[0mGET /api/v1/customers/?pageNo=1&pageSize=100?bearer=eyJhbGciOiJIUzI1NiIsInR5cCI6IkpXVCJ9.eyJ1c2VyRGF0YSI6eyJ1c2VyIjoicm9vdCJ9LCJpYXQiOjE2NjQyNTczMjcsImV4cCI6MTY2NDI5MzMyN30.xqJ7yNqkzxLWt1FQMO6Pq_5ITmQEofggPZJvOeDwJlY [33m401 [0m0.654 ms - 12[0m
[0mGET /api/v1/customers/?pageNo=1&pageSize=100?bearer=eyJhbGciOiJIUzI1NiIsInR5cCI6IkpXVCJ9.eyJ1c2VyRGF0YSI6eyJ1c2VyIjoicm9vdCJ9LCJpYXQiOjE2NjQyNTczMjcsImV4cCI6MTY2NDI5MzMyN30.xqJ7yNqkzxLWt1FQMO6Pq_5ITmQEofggPZJvOeDwJlY [33m401 [0m0.555 ms - 12[0m
[0mGET /api/v1/customers/?pageNo=1&pageSize=100?bearer=eyJhbGciOiJIUzI1NiIsInR5cCI6IkpXVCJ9.eyJ1c2VyRGF0YSI6eyJ1c2VyIjoicm9vdCJ9LCJpYXQiOjE2NjQyNTczMjcsImV4cCI6MTY2NDI5MzMyN30.xqJ7yNqkzxLWt1FQMO6Pq_5ITmQEofggPZJvOeDwJlY [33m401 [0m0.401 ms - 12[0m
[0mGET /api/v1/customers/?pageNo=1&pageSize=100?bearer=eyJhbGciOiJIUzI1NiIsInR5cCI6IkpXVCJ9.eyJ1c2VyRGF0YSI6eyJ1c2VyIjoicm9vdCJ9LCJpYXQiOjE2NjQyNTczMjcsImV4cCI6MTY2NDI5MzMyN30.xqJ7yNqkzxLWt1FQMO6Pq_5ITmQEofggPZJvOeDwJlY [33m401 [0m0.345 ms - 12[0m
[0mGET /api/v1/customers/?pageNo=1&pageSize=100 [33m403 [0m1.500 ms - 12[0m
[0mGET /api/v1/employees/?pageNo=1&pageSize=100 [31m500 [0m1.995 ms - 1516[0m
[0mGET /api/v1/employees/?pageNo=1&pageSize=100 [31m500 [0m2.304 ms - 1516[0m
[0mGET /api/v1/employees/?pageNo=1&pageSize=100 [31m500 [0m10.279 ms - 1516[0m
[0mGET /api/v1/customers/?pageNo=1&pageSize=100 [33m401 [0m0.998 ms - 12[0m
[0mGET /api/v1/customers/?pageNo=1&pageSize=100 [33m401 [0m0.544 ms - 12[0m
[0mGET /api/v1/customers/?pageNo=1&pageSize=100 [33m401 [0m0.317 ms - 12[0m
