[0mGET / [33m404 [0m0.827 ms - 1376[0m
[0mGET / [33m404 [0m0.871 ms - 1376[0m
[0mDELETE /api/v1/products/$%7BproductCode%7D [33m400 [0m45.245 ms - 26[0m
[0mGET /api/v1/employees/?pageNo=1&pageSize=100 [33m403 [0m8.515 ms - 12[0m
[0mPOST /api/v1/token [33m404 [0m1.772 ms - 24[0m
[0mGET /api/v1/employees/ [33m403 [0m2.531 ms - 12[0m
[0mPOST /api/v1/token [33m404 [0m31.435 ms - 24[0m
[0mGET /api/v1/employees/ [33m403 [0m7.836 ms - 12[0m
[0mGET /api/v1/offices/?pageNo=1&pageSize=100 [33m403 [0m4.068 ms - 12[0m
[0mGET /api/v1/employees/ [33m403 [0m4.408 ms - 12[0m
[0mPOST /api/v1/users [33m404 [0m2.616 ms - 1449[0m
[0mGET /api/v1/users/?pageNo=1&pageSize=100 [33m404 [0m1.864 ms - 1449[0m
[0mPOST /api/v1/token [33m404 [0m1.678 ms - 24[0m
[0mPOST /api/v1/users/ [33m403 [0m52.586 ms - 12[0m
[0mPOST /api/v1/users/ [33m400 [0m66.716 ms - 39[0m
[0mPOST /api/v1/users/ [33m400 [0m87.775 ms - 39[0m
[0mPOST /api/v1/users/ [33m400 [0m73.391 ms - 39[0m
[0mPOST /api/v1/users/ [33m400 [0m105.532 ms - 39[0m
[0mPOST /api/v1/users/ [33m400 [0m63.951 ms - 39[0m
[0mPOST /api/v1/users/ [33m400 [0m77.797 ms - 39[0m
[0mPOST /api/v1/users/ [33m400 [0m60.172 ms - 39[0m
[0mPOST /api/v1/users/ [33m400 [0m66.934 ms - 39[0m
[0mPOST /api/v1/users/ [33m400 [0m60.107 ms - 39[0m
[0mPOST /api/v1/token [33m404 [0m0.926 ms - 24[0m
[0mPOST /api/v1/users/ [33m403 [0m65.665 ms - 12[0m
[0mPOST /api/v1/users/ [33m400 [0m61.321 ms - 39[0m
[0mPOST /api/v1/users/ [33m400 [0m61.318 ms - 34[0m
[0mPOST /api/v1/users/ [33m400 [0m60.842 ms - 34[0m
