[0mGET /api/v1/employees/search/undefined [33m404 [0m3.004 ms - 29[0m
[0mGET /api/v1/employees/search/undefined [33m404 [0m2.495 ms - 29[0m
[0mGET /api/v1/employees/search/undefined [33m404 [0m1.984 ms - 29[0m
[0mGET /api/v1/employees/search/undefined [33m404 [0m2.890 ms - 29[0m
[0mGET /api/v1/employees/search/undefined [33m404 [0m3.107 ms - 29[0m
[0mGET /api/v1/employees/search/undefined [33m404 [0m3.945 ms - 29[0m
[0mGET /api/v1/employees/search/ [33m404 [0m2.246 ms - 29[0m
[0mGET /api/v1/employees/search/ [33m404 [0m1.038 ms - 29[0m
[0mGET /api/v1/employees/search/ [33m404 [0m1.333 ms - 29[0m
[0mGET /api/v1/employees/search/ [33m404 [0m1.301 ms - 29[0m
[0mGET /api/v1/employees/search/ [33m404 [0m3.304 ms - 29[0m
[0mGET /api/v1/employees/search/ [33m404 [0m1.394 ms - 29[0m
[0mGET /api/v1/employees/search/ [33m404 [0m2.021 ms - 29[0m
[0mGET /api/v1/employees/search/ [33m404 [0m1.355 ms - 29[0m
[0mGET /api/v1/employees/search/ [33m404 [0m1.433 ms - 29[0m
[0mGET /api/v1/employees/search/ [33m404 [0m1.498 ms - 29[0m
[0mGET /api/v1/employees/search/ [33m404 [0m1.202 ms - 29[0m
[0mGET /api/v1/employees/search/ [33m404 [0m1.132 ms - 29[0m
[0mGET /api/v1/employees/search/ [33m404 [0m0.959 ms - 29[0m
[0mPATCH /api/v1/employees/undefined [33m400 [0m0.667 ms - 11[0m
[0mPATCH /api/v1/employees/undefined [33m400 [0m0.521 ms - 11[0m
[0mPOST /api/v1/employees/6007 [33m404 [0m2.056 ms - 1431[0m
[0mGET /api/v1/employees/search/ [33m404 [0m1.902 ms - 29[0m
[0mGET /api/v1/employees/search/ [33m404 [0m1.357 ms - 29[0m
[0mGET /api/v1/employees/search/ [33m404 [0m2.897 ms - 29[0m
[0mPATCH /api/v1/employees/6081 [33m400 [0m0.998 ms - 11[0m
[0mPATCH /api/v1/employees/6081 [33m400 [0m1.037 ms - 11[0m
[0mPATCH /api/v1/employees/6081 [33m400 [0m0.593 ms - 11[0m
[0mPATCH /api/v1/employees/6081 [33m400 [0m1.660 ms - 11[0m
[0mPATCH /api/v1/employees/6081 [33m400 [0m0.873 ms - 11[0m
[0mPATCH /api/v1/employees/6081 [33m400 [0m1.944 ms - 11[0m
[0mPATCH /api/v1/employees/6081 [33m400 [0m0.766 ms - 11[0m
[0mPATCH /api/v1/employees/6081 [33m400 [0m1.127 ms - 11[0m
[0mPATCH /api/v1/employees/6081 [33m400 [0m0.632 ms - 11[0m
[0mPATCH /api/v1/employees/6081 [33m400 [0m0.432 ms - 11[0m
[0mPATCH /api/v1/employees/6081 [33m400 [0m0.453 ms - 11[0m
[0mPATCH /api/v1/employees/6081 [33m400 [0m2.073 ms - 1176[0m
[0mPATCH /api/v1/employees/6081 [33m400 [0m0.686 ms - 11[0m
[0mPATCH /api/v1/employees/6081 [33m400 [0m0.375 ms - 11[0m
[0mPATCH /api/v1/employees/6081 [33m400 [0m0.540 ms - 11[0m
