[0mGET /api/v1/users/lxdavis [33m404 [0m7.959 ms - 29[0m
[0mPOST /api/v1/token [33m404 [0m16.210 ms - 24[0m
[0mGET /api/v1/users/lxdavis [33m403 [0m3.202 ms - 12[0m
[0mPOST /api/v1/token [33m404 [0m15.254 ms - 24[0m
[0mGET /api/v1/users/lxdavis [33m403 [0m7.015 ms - 12[0m
[0mPOST /api/v1/token [33m404 [0m16.187 ms - 24[0m
[0mPOST /api/v1/token [33m404 [0m0.890 ms - 24[0m
[0mGET /api/v1/employees/ [33m403 [0m5.128 ms - 12[0m
[0mPOST /api/v1/token [33m404 [0m0.580 ms - 24[0m
[0mGET /api/v1/employees/ [33m403 [0m3.240 ms - 12[0m
[0mPOST /api/v1/token [33m404 [0m0.491 ms - 24[0m
[0mPOST /api/v1/users/ [33m403 [0m3.010 ms - 12[0m
[0mPOST /api/v1/users/ [31m500 [0m19.413 ms - 1342[0m
[0mPOST /api/v1/token [33m404 [0m0.523 ms - 24[0m
[0mPOST /api/v1/users/ [33m403 [0m3.129 ms - 12[0m
[0mGET /api/v1/users/lxdavis [33m403 [0m1.890 ms - 12[0m
[0mPOST /api/v1/token [33m404 [0m0.535 ms - 24[0m
[0mGET /api/v1/users/lxdavis [33m403 [0m1.002 ms - 12[0m
[0mPOST /api/v1/token [33m404 [0m0.441 ms - 24[0m
[0mPOST /api/v1/users/ [33m403 [0m0.956 ms - 12[0m
[0mGET /api/v1/employees/ [33m403 [0m1.012 ms - 12[0m
[0mPOST /api/v1/users/ [31m500 [0m6.322 ms - 1328[0m
[0mPOST /api/v1/users/ [31m500 [0m6.106 ms - 1342[0m
[0mGET /api/v1/employees/search/davis [33m404 [0m4.605 ms - 29[0m
[0mPOST /api/v1/users/ [31m500 [0m25.855 ms - 1342[0m
[0mPOST /api/v1/token [33m404 [0m0.621 ms - 24[0m
[0mPOST /api/v1/users/ [33m403 [0m4.749 ms - 12[0m
[0mPOST /api/v1/token [33m404 [0m0.828 ms - 24[0m
[0mPOST /api/v1/users/ [33m403 [0m1.934 ms - 12[0m
[0mPOST /api/v1/token [33m404 [0m0.491 ms - 24[0m
[0mPOST /api/v1/users/ [33m403 [0m1.136 ms - 12[0m
[0mPOST /api/v1/users/ [31m500 [0m16.788 ms - 1342[0m
[0mPOST /api/v1/token [33m404 [0m0.399 ms - 24[0m
[0mPOST /api/v1/users/ [33m403 [0m1.343 ms - 12[0m
[0mPOST /api/v1/token [33m404 [0m0.612 ms - 24[0m
[0mPOST /api/v1/users/ [33m403 [0m1.239 ms - 12[0m
[0mPOST /api/v1/users/ [31m500 [0m2.993 ms - 1342[0m
[0mPOST /api/v1/users/ [31m500 [0m2.612 ms - 1342[0m
[0mPOST /api/v1/users/ [31m500 [0m3.072 ms - 1342[0m
[0mPOST /api/v1/users/ [31m500 [0m2.837 ms - 1342[0m
[0mPOST /api/v1/users/ [31m500 [0m29.058 ms - 1342[0m
[0mPOST /api/v1/users/ [31m500 [0m28.711 ms - 1342[0m
[0mPOST /api/v1/users/ [31m500 [0m21.704 ms - 1342[0m
[0mPOST /api/v1/users/ [31m500 [0m23.010 ms - 1342[0m
[0mPOST /api/v1/users/ [31m500 [0m22.879 ms - 1342[0m
[0mPOST /api/v1/users/ [31m500 [0m28.351 ms - 1342[0m
[0mPOST /api/v1/users/ [31m500 [0m25.392 ms - 1342[0m
