[0mPOST /api/v1/employees [31m500 [0m2.775 ms - 1344[0m
[0mPOST /api/v1/employees [31m500 [0m9.230 ms - 1344[0m
[0mPOST /api/v1/employees [31m500 [0m3.382 ms - 1344[0m
[0mPOST /api/v1/employees [31m500 [0m4.642 ms - 1344[0m
[0mPOST /api/v1/employees [33m400 [0m0.855 ms - 49[0m
[0mPOST /api/v1/employees [33m400 [0m1.046 ms - 49[0m
[0mPOST /api/v1/employees [33m400 [0m0.903 ms - 49[0m
[0mPOST /api/v1/employees [31m500 [0m7.628 ms - 1352[0m
[0mPOST /api/v1/employees [31m500 [0m4.229 ms - 1343[0m
[0mPOST /api/v1/employees [31m500 [0m4.893 ms - 1352[0m
[0mPOST /api/v1/employees [31m500 [0m4.238 ms - 1343[0m
[0mPOST /api/v1/employees%7B%22employeeNumber%22:%226009%22%7D [33m404 [0m1.008 ms - 1449[0m
[0mPOST /api/v1/employees%7B%22employeeNumber%22:%221002%22%7D [33m404 [0m0.837 ms - 1449[0m
[0mPOST /api/v1/employees/?%7B%22employeeNumber%22:%221002%22%7D [33m400 [0m0.518 ms - 11[0m
[0mPOST /api/v1/employees/%7B%7D [33m404 [0m0.948 ms - 1431[0m
[0mPOST /api/v1/employees/%7B%7D [33m404 [0m0.407 ms - 1431[0m
[0mPOST /api/v1/employees/%7B%7D [33m404 [0m1.152 ms - 1431[0m
[0mPOST /api/v1/employees/%7B%22employeeNumber%22:%226002%22%7D [33m404 [0m0.488 ms - 1431[0m
[0mPOST /api/v1/employees/1002 [33m404 [0m0.567 ms - 1431[0m
[0mPOST /api/v1/employees/1002 [33m404 [0m0.379 ms - 1431[0m
[0mPOST /api/v1/employees/?1002 [33m400 [0m0.752 ms - 11[0m
[0mPOST /api/v1/employees/?1002 [33m400 [0m0.399 ms - 11[0m
[0mPOST /api/v1/employees/ [33m400 [0m0.408 ms - 11[0m
[0mPOST /api/v1/employees/ [33m400 [0m1.051 ms - 11[0m
[0mPOST /api/v1/employees/1002 [33m404 [0m2.551 ms - 1431[0m
[0mPOST /api/v1/employees/1002 [33m404 [0m1.235 ms - 1431[0m
[0mPOST /api/v1/employees/ [33m400 [0m2.306 ms - 11[0m
[0mPOST /api/v1/employees/ [33m400 [0m1.031 ms - 11[0m
[0mPOST /api/v1/employees/?employeeNumber=1002 [33m400 [0m0.816 ms - 11[0m
[0mPOST /api/v1/employees/?employeeNumber=1002 [33m400 [0m0.577 ms - 11[0m
[0mPOST /api/v1/employees/%221002%22 [33m404 [0m0.706 ms - 1431[0m
[0mPOST /api/v1/employees/%221002%22 [33m404 [0m1.331 ms - 1431[0m
[0mPOST /api/v1/employees/1002 [33m404 [0m0.401 ms - 1431[0m
[0mPOST /api/v1/employees/1002 [33m404 [0m0.899 ms - 1431[0m
[0mPOST /api/v1/employees/1002 [33m404 [0m0.633 ms - 1431[0m
[0mPOST /api/v1/employees/1002 [33m404 [0m1.048 ms - 1431[0m
[0mPOST /api/v1/employees/1002 [33m404 [0m19.204 ms - 1431[0m
[0mPOST /api/v1/employees/1002 [33m404 [0m1.317 ms - 1431[0m
[0mPOST /api/v1/employees/1002 [33m404 [0m1.008 ms - 1431[0m
[0mPOST /api/v1/employees/1002 [33m404 [0m0.453 ms - 1431[0m
[0mPOST /api/v1/employees/1002 [33m404 [0m2.531 ms - 1431[0m
[0mPOST /api/v1/employees/1002 [33m404 [0m18.240 ms - 1431[0m
[0mPOST /api/v1/employees/1088 [33m404 [0m1.315 ms - 1431[0m
[0mPOST /api/v1/employees/1088 [33m404 [0m1.897 ms - 1431[0m
[0mPOST /api/v1/employees/1088 [33m404 [0m18.622 ms - 1431[0m
[0mPOST /api/v1/employees/1088 [33m404 [0m15.251 ms - 1431[0m
[0mPOST /api/v1/employees/1088 [33m404 [0m17.254 ms - 1431[0m
[0mPOST /api/v1/employees/1088 [33m404 [0m17.905 ms - 1431[0m
