[0mGET /api/v1/customers/?pageNo=1&pageSize=100 [33m403 [0m2.098 ms - 12[0m
[0mGET /api/v1/productlines/$%7BproductLine%7D [33m404 [0m2.657 ms - 29[0m
[0mGET /api/v1/customers/$103 [33m404 [0m1.493 ms - 29[0m
[0mGET /api/v1/customers/?pageNo=1&pageSize=100 [33m403 [0m2.141 ms - 12[0m
[0mGET /api/v1/customers/?pageNo=1&pageSize=100 [33m403 [0m1.142 ms - 12[0m
[0mGET /api/v1/customers/?pageNo=1&pageSize=100 [33m403 [0m2.075 ms - 12[0m
[0mGET /api/v1/customers/?pageNo=1&pageSize=100 [33m403 [0m1.214 ms - 12[0m
[0mGET /api/v1/customers/?pageNo=1&pageSize=100 [33m403 [0m1.372 ms - 12[0m
[0mGET /api/v1/customers/?pageNo=1&pageSize=100 [33m403 [0m1.297 ms - 12[0m
[0mGET /api/v1/customers/?pageNo=1&pageSize=100 [33m403 [0m1.295 ms - 12[0m
[0mGET /api/v1/customers/?pageNo=1&pageSize=100 [33m403 [0m1.987 ms - 12[0m
[0mGET /api/v1/customers/?pageNo=1&pageSize=100 [33m403 [0m2.254 ms - 12[0m
[0mGET /api/v1/customers/?pageNo=1&pageSize=100 [33m403 [0m1.312 ms - 12[0m
[0mGET /api/v1/customers/?pageNo=1&pageSize=100 [33m403 [0m0.996 ms - 12[0m
[0mGET /api/v1/customers/?pageNo=1&pageSize=100 [33m403 [0m1.198 ms - 12[0m
[0mGET /api/v1/customers/?103 [33m403 [0m1.173 ms - 12[0m
[0mGET /api/v1/customers/$103 [33m404 [0m1.053 ms - 29[0m
[0mGET /api/v1/customers/customerNumber=103 [33m404 [0m1.039 ms - 29[0m
[0mGET /api/v1/customers/'103' [33m404 [0m1.138 ms - 29[0m
[0mGET /api/v1/customers/$%7BencodeURIComponent(%60103%60)%7D [33m404 [0m1.411 ms - 29[0m
[0mGET /api/v1/customers/$%7BencodeURIComponent(%60103%60)%7D [33m404 [0m0.971 ms - 29[0m
[0mGET /api/v1/customers/$%7BencodeURIComponent(103)%7D [33m404 [0m1.002 ms - 29[0m
[0mGET /api/v1/customers/customerNumber%20=%20103 [33m404 [0m1.839 ms - 29[0m
[0mGET /api/v1/customers/customerNumber%20=%20103 [33m404 [0m1.096 ms - 29[0m
[0mGET /api/v1/customers/customerNumber%20=%20112 [33m404 [0m1.023 ms - 29[0m
[0mGET /api/v1/customers/ [33m403 [0m2.139 ms - 12[0m
[0mGET /api/v1/customers/103 [33m403 [0m1.734 ms - 12[0m
[0mGET /api/v1/customers/112 [33m403 [0m1.365 ms - 12[0m
[0mGET /api/v1/customers/103 [33m403 [0m1.145 ms - 12[0m
[0mGET /api/v1/customers/?103 [33m403 [0m1.236 ms - 12[0m
[0mGET /api/v1/customers/?customerNumber%20=%20103 [33m403 [0m1.858 ms - 12[0m
[0mGET /api/v1/customers/?customerNumber%20=%20103 [33m403 [0m1.489 ms - 12[0m
[0mGET /api/v1/customers/$%7BcustomerNumber%7D [33m404 [0m1.476 ms - 29[0m
[0mGET /api/v1/customers/$%7B112%7D [33m404 [0m1.115 ms - 29[0m
[0mGET /api/v1/customers/$%7BcustomerNumber%7D [33m404 [0m1.110 ms - 29[0m
[0mGET /api/v1/customers/%7D?customerNumber=112 [33m404 [0m1.092 ms - 29[0m
[0mGET /api/v1/customers/113 [33m404 [0m1.108 ms - 29[0m
[0mGET /api/v1/customers/$113 [33m404 [0m1.053 ms - 29[0m
[0mGET /api/v1/customers/$%7B113%7D [33m404 [0m1.041 ms - 29[0m
[0mGET /api/v1/customers/103 [33m403 [0m1.530 ms - 12[0m
[0mGET /api/v1/customers/103 [33m401 [0m0.486 ms - 12[0m
[0mGET /api/v1/customers/103 [33m401 [0m0.258 ms - 12[0m
[0mGET /api/v1/customers/103 [33m401 [0m0.257 ms - 12[0m
[0mGET /api/v1/employees/?pageNo=1&pageSize=100 [33m403 [0m1.417 ms - 12[0m
[0mGET /api/v1/employees/?pageNo=1&pageSize=100 [31m500 [0m2.600 ms - 1516[0m
[0mGET /api/v1/employees/?pageNo=1&pageSize=100 [31m500 [0m2.270 ms - 1516[0m
[0mGET /api/v1/employees/?pageNo=1&pageSize=100 [31m500 [0m2.110 ms - 1516[0m
[0mGET /api/v1/employees/?pageNo=1&pageSize=100 [31m500 [0m2.402 ms - 1516[0m
[0mGET /api/v1/employees/?pageNo=1&pageSize=100 [31m500 [0m2.621 ms - 1516[0m
[0mGET /api/v1/employees/?pageNo=1&pageSize=100 [31m500 [0m2.236 ms - 1516[0m
[0mGET /api/v1/employees/ [31m500 [0m3.853 ms - 1516[0m
[0mGET /api/v1/employees/$%7BemployeeNumber%7D [31m500 [0m2.419 ms - 1516[0m
[0mGET /api/v1/employees/307 [31m500 [0m2.506 ms - 1516[0m
[0mGET /api/v1/employees/ [31m500 [0m11.747 ms - 1516[0m
[0mGET /api/v1/employees/ [31m500 [0m5.102 ms - 1516[0m
[0mGET /api/v1/employees/ [31m500 [0m9.674 ms - 1516[0m
[0mGET /api/v1/employees/307 [31m500 [0m3.600 ms - 1516[0m
[0mGET /api/v1/employees/1002 [31m500 [0m3.087 ms - 1516[0m
[0mGET /api/v1/employees/?pageNo=1&pageSize=100 [31m500 [0m2.099 ms - 1516[0m
[0mGET /api/v1/employees/?pageNo=1&pageSize=100 [31m500 [0m12.355 ms - 1516[0m
[0mGET /api/v1/employees/?pageNo=1&pageSize=100 [31m500 [0m16.297 ms - 1516[0m
[0mGET /api/v1/employees/?pageNo=1&pageSize=100 [31m500 [0m14.461 ms - 1333[0m
[0mGET /api/v1/employees/?pageNo=1&pageSize=100 [31m500 [0m14.256 ms - 1337[0m
[0mGET /api/v1employees/getby/officeCode/$%7BofficeCode%7D/?pageNo=1&pageSize=30 [33m404 [0m1.607 ms - 1466[0m
