[0mGET /api/v1/employees/search/ [33m404 [0m1.642 ms - 29[0m
[0mGET /api/v1/employees/search/ [33m404 [0m1.134 ms - 29[0m
[0mGET /api/v1/employees/search/ [33m404 [0m1.405 ms - 29[0m
[0mGET /api/v1/employees/search/ [33m404 [0m1.169 ms - 29[0m
[0mGET /api/v1/employees/search/ [33m404 [0m1.234 ms - 29[0m
[0mGET /api/v1/employees/search/ [33m404 [0m1.793 ms - 29[0m
[0mDELETE /api/v1/employees/1784 [33m400 [0m1.155 ms - 26[0m
[0mGET /api/v1/employees/search/ [33m404 [0m1.819 ms - 29[0m
[0mDELETE /api/v1/employees/1784 [33m400 [0m1.205 ms - 26[0m
[0mDELETE /api/v1/employees/1784 [33m400 [0m0.892 ms - 26[0m
[0mDELETE /api/v1/employees/1784 [33m400 [0m1.249 ms - 26[0m
[0mDELETE /api/v1/employees/1784 [33m400 [0m1.203 ms - 26[0m
[0mDELETE /api/v1/employees/1784 [33m400 [0m1.000 ms - 26[0m
[0mGET /api/v1/employees/search/ [33m404 [0m1.067 ms - 29[0m
[0mGET /api/v1/employees/search/ [33m404 [0m1.122 ms - 29[0m
[0mGET /api/v1/employees/search/ [33m404 [0m1.856 ms - 29[0m
[0mGET /api/v1/employees/search/1784 [33m404 [0m3.650 ms - 29[0m
[0mGET /api/v1/employees/search/ [33m404 [0m1.226 ms - 29[0m
[0mGET /api/v1/employees/search/ [33m404 [0m1.689 ms - 29[0m
[0mGET /api/v1/employees/search/ [33m404 [0m1.270 ms - 29[0m
[0mGET /api/v1/employees/search/ [33m404 [0m1.123 ms - 29[0m
[0mGET /api/v1/employees/search/ [33m404 [0m1.407 ms - 29[0m
[0mGET /api/v1/employees/search/ [33m404 [0m1.239 ms - 29[0m
[0mGET /api/v1/employees/search/ [33m404 [0m1.308 ms - 29[0m
[0mGET /api/v1/employees/search/ [33m404 [0m1.142 ms - 29[0m
[0mGET /api/v1/employees/search/ [33m404 [0m2.157 ms - 29[0m
[0mGET /api/v1/employees/search/ [33m404 [0m1.194 ms - 29[0m
[0mGET /api/v1/employees/search/ [33m404 [0m1.269 ms - 29[0m
[0mGET /api/v1/employees/search/ [33m404 [0m1.142 ms - 29[0m
[0mDELETE /api/v1/employees/6001 [33m400 [0m1.825 ms - 26[0m
[0mGET /api/v1/employees/search/ [33m404 [0m1.881 ms - 29[0m
[0mGET /api/v1/employees/search/ [33m404 [0m1.202 ms - 29[0m
[0mGET /api/v1/employees/search/ [33m404 [0m1.473 ms - 29[0m
[0mGET /api/v1/employees/search/ [33m404 [0m1.008 ms - 29[0m
[0mGET /api/v1/employees/search/ [33m404 [0m1.460 ms - 29[0m
[0mGET /api/v1/employees/search/ [33m404 [0m1.642 ms - 29[0m
[0mGET /api/v1/employees/search/ [33m404 [0m1.496 ms - 29[0m
[0mGET /api/v1/employees/search/dacis [33m404 [0m11.057 ms - 29[0m
[0mGET /api/v1/employees/search/ [33m404 [0m2.393 ms - 29[0m
[0mGET /api/v1/employees/search/ [33m404 [0m3.095 ms - 29[0m
[0mGET /api/v1/employees/search/ [33m404 [0m2.857 ms - 29[0m
[0mGET /api/v1/employees/search/1584 [33m404 [0m2.574 ms - 29[0m
[0mGET /api/v1/employees/search/davis [33m404 [0m3.482 ms - 29[0m
[0mDELETE /api/v1/employees/1584 [33m400 [0m3.223 ms - 26[0m
[0mGET /api/v1/employees/search/9002 [33m404 [0m3.532 ms - 29[0m
[0mGET /api/v1/employees/search/ [33m404 [0m2.219 ms - 29[0m
[0mGET /api/v1/employees/search/9002 [33m404 [0m3.041 ms - 29[0m
[0mGET /api/v1/employees/search/6101 [33m404 [0m2.998 ms - 29[0m
[0mGET /api/v1/employees/search/ [33m404 [0m1.909 ms - 29[0m
[0mGET /api/v1/employees/search/ [33m404 [0m1.962 ms - 29[0m
[0mGET /api/v1/employees/search/ [33m404 [0m1.317 ms - 29[0m
[0mGET /api/v1/employees/search/ [33m404 [0m1.839 ms - 29[0m
[0mDELETE /api/v1/employees/empnbr [31m500 [0m8.482 ms - 1327[0m
[0mGET /api/v1/employees/search/ [33m404 [0m1.398 ms - 29[0m
[0mGET /api/v1/employees/search/ [33m404 [0m2.418 ms - 29[0m
[0mGET /api/v1/employees/search/ [33m404 [0m1.169 ms - 29[0m
[0mGET /api/v1/employees/search/ [33m404 [0m1.529 ms - 29[0m
[0mGET /api/v1/employees/search/ [33m404 [0m1.208 ms - 29[0m
[0mGET /api/v1/employees/search/ [33m404 [0m1.312 ms - 29[0m
[0mGET /api/v1/employees/search/ [33m404 [0m1.354 ms - 29[0m
[0mGET /api/v1/employees/search/ [33m404 [0m1.113 ms - 29[0m
[0mGET /api/v1/employees/search/ [33m404 [0m1.941 ms - 29[0m
[0mGET /api/v1/employees/search/ [33m404 [0m1.587 ms - 29[0m
[0mGET /api/v1/employees/search/ [33m404 [0m1.326 ms - 29[0m
[0mGET /api/v1/employees/search/ [33m404 [0m1.875 ms - 29[0m
[0mGET /api/v1/employees/search/ [33m404 [0m1.379 ms - 29[0m
[0mGET /api/v1/employees/search/ [33m404 [0m1.514 ms - 29[0m
[0mGET /api/v1/employees/search/6102 [33m404 [0m1.980 ms - 29[0m
[0mDELETE /api/v1/employees/6105 [33m400 [0m1.191 ms - 26[0m
[0mDELETE /api/v1/employees/6103 [33m400 [0m1.153 ms - 26[0m
[0mGET /api/v1/employees/search/601 [33m404 [0m1.942 ms - 29[0m
[0mGET /api/v1/employees/search/6101 [33m404 [0m3.722 ms - 29[0m
