[0mGET / [33m404 [0m1.245 ms - 1376[0m
[0mGET /?=PHPE9568F36-D428-11d2-A769-00AA001ACF42 [33m404 [0m0.581 ms - 1376[0m
[0mGET / [33m404 [0m0.888 ms - 1376[0m
[0mGET /Portal/Portal.mwsl [33m404 [0m1.257 ms - 1376[0m
[0mGET /CSS/Miniweb.css [33m404 [0m0.891 ms - 1376[0m
[0mGET /MGdd [33m404 [0m1.714 ms - 1376[0m
[0mGET /menu.php [33m404 [0m0.898 ms - 1376[0m
[0mGET /nmaplowercheck1668620052 [33m404 [0m0.485 ms - 1376[0m
[0mPOST /sdk [33m404 [0m1.565 ms - 1376[0m
[0mGET / [33m404 [0m0.664 ms - 1376[0m
[0mGET /Portal0000.htm [33m404 [0m0.665 ms - 1376[0m
[0mGET /.git/HEAD [33m404 [0m0.576 ms - 1376[0m
[0mGET /docs/cplugError.html/ [33m404 [0m1.285 ms - 1376[0m
[0mGET /?=PHPB8B5F2A0-3C92-11d3-A3A9-4C7B08C10000 [33m404 [0m1.173 ms - 1376[0m
[0mGET /HNAP1 [33m404 [0m0.769 ms - 1376[0m
[0mGET / [33m404 [0m1.202 ms - 1376[0m
[0mHEAD / [33m404 [0m0.831 ms - 1376[0m
[0mGET /system_api.php [33m404 [0m0.997 ms - 1376[0m
[0mGET /c/version.js [33m404 [0m1.118 ms - 1376[0m
[0mGET /streaming/clients_live.php [33m404 [0m0.882 ms - 1376[0m
[0mGET /stalker_portal/c/version.js [33m404 [0m0.836 ms - 1376[0m
[0mGET /stream/live.php [33m404 [0m1.226 ms - 1376[0m
[0mGET /flu/403.html [33m404 [0m0.966 ms - 1376[0m
[0mGET / [33m404 [0m0.890 ms - 1376[0m
[0mGET / [33m404 [0m0.963 ms - 1376[0m
